<?xml version="1.0" encoding="UTF-8"?>
<testsuite name="Formulario SWAGLABS" tests="1" skipped="0" failures="0" errors="0" timestamp="2022-03-25T20:34:53" hostname="CHMEPPF37Q5J7" time="21.499">
  <properties/>
  <testcase name="Comprar articulo," classname="Formulario SWAGLABS" time="21.499"/>
  <system-out><![CDATA[]]></system-out>
  <system-err><![CDATA[mar 25, 2022 3:34:54 PM org.openqa.selenium.remote.DesiredCapabilities chrome
INFORMACIÓN: Using `new ChromeOptions()` is preferred to `DesiredCapabilities.chrome()`
[Test worker] INFO net.serenitybdd.core.webdriver.driverproviders.ProvideNewDriver - Instantiating driver
[Test worker] INFO net.serenitybdd.core.webdriver.driverproviders.ProvideNewDriver - Driver capabilities: Capabilities {acceptInsecureCerts: false, acceptSslCerts: true, browserName: chrome, chrome.switches: --disable-extensions,--star..., goog:chromeOptions: {args: [--disable-extensions, --start-maximized, --test-type, --user-agent=New User Agent], extensions: [], prefs: {pdfjs.disabled: true, profile_default_content_settings.popups: 0}}, handlesAlerts: true, loggingPrefs: org.openqa.selenium.logging..., platform: ANY, version: }
Starting ChromeDriver 99.0.4844.51 (d537ec02474b5afe23684e7963d538896c63ac77-refs/branch-heads/4844@{#875}) on port 34900
Only local connections are allowed.
Please see https://chromedriver.chromium.org/security-considerations for suggestions on keeping ChromeDriver safe.
ChromeDriver was started successfully.
mar 25, 2022 3:34:56 PM org.openqa.selenium.remote.ProtocolHandshake createSession
INFORMACIÓN: Detected dialect: W3C
[Test worker] INFO net.thucydides.core.steps.ConsoleLoggingListener - 
        __    _____ _____ ____ _____   ____   _    ____  ____  _____ ____  
  _     \ \  |_   _| ____/ ___|_   _| |  _ \ / \  / ___|/ ___|| ____|  _ \ 
 (_)_____| |   | | |  _| \___ \ | |   | |_) / _ \ \___ \\___ \|  _| | | | |
  _|_____| |   | | | |___ ___) || |   |  __/ ___ \ ___) |___) | |___| |_| |
 (_)     | |   |_| |_____|____/ |_|   |_| /_/   \_\____/|____/|_____|____/ 
        /_/                                                                

TEST PASSED: Comprar articulo,
----------------------------------------------------------------------------
]]></system-err>
</testsuite>
